*** You are running in headless mode.
1566496603633	mozrunner::runner	INFO	Running command: "/usr/bin/firefox" "-marionette" "-foreground" "-no-remote" "-profile" "/tmp/rust_mozprofile.iKjDpV4gamq2"
*** You are running in headless mode.
1566496603908	addons.webextension.screenshots@mozilla.org	WARN	Loading extension 'screenshots@mozilla.org': Reading manifest: Invalid extension permission: mozillaAddons
1566496603908	addons.webextension.screenshots@mozilla.org	WARN	Loading extension 'screenshots@mozilla.org': Reading manifest: Invalid extension permission: telemetry
1566496603908	addons.webextension.screenshots@mozilla.org	WARN	Loading extension 'screenshots@mozilla.org': Reading manifest: Invalid extension permission: resource://pdf.js/
1566496603909	addons.webextension.screenshots@mozilla.org	WARN	Loading extension 'screenshots@mozilla.org': Reading manifest: Invalid extension permission: about:reader*
1566496605138	Marionette	INFO	Listening on port 33465
1566496605244	Marionette	WARN	TLS certificate errors will be ignored for this session
JavaScript warning: https://trophymanager.com/js/_combined.min.js?v=1.026.1, line 666: unreachable code after return statement
JavaScript warning: https://ajax.googleapis.com/ajax/libs/jquery/1.9.1/jquery.min.js, line 2: Using //@ to indicate sourceMappingURL pragmas is deprecated. Use //# instead
JavaScript error: https://trophymanager.com/js/fb.js?v=1.049.1, line 120: TypeError: document.getElementById(...) is null
JavaScript warning: https://trophymanager.com/js/_combined.min.js?v=1.026.1, line 666: unreachable code after return statement
JavaScript warning: https://ajax.googleapis.com/ajax/libs/jquery/1.9.1/jquery.min.js, line 2: Using //@ to indicate sourceMappingURL pragmas is deprecated. Use //# instead
JavaScript warning: https://trophymanager.com/js/_combined.min.js?v=1.026.1, line 666: unreachable code after return statement
JavaScript warning: https://ajax.googleapis.com/ajax/libs/jquery/1.9.1/jquery.min.js, line 2: Using //@ to indicate sourceMappingURL pragmas is deprecated. Use //# instead
console.error: BroadcastService: 
  receivedBroadcastMessage: handler for
  remote-settings/monitor_changes
  threw error:
  Message: Error: Polling for changes failed: http://%(server)s/dummy/blocklist//buckets/monitor/collections/changes/records?_expected=%221566491597065%22 is not a valid URL..
  Stack:
    remoteSettingsFunction/remoteSettings.pollChanges@resource://services-settings/remote-settings.js:201:13

JavaScript warning: https://trophymanager.com/js/_combined.min.js?v=1.026.1, line 666: unreachable code after return statement
JavaScript warning: https://ajax.googleapis.com/ajax/libs/jquery/1.9.1/jquery.min.js, line 2: Using //@ to indicate sourceMappingURL pragmas is deprecated. Use //# instead
1566496633454	Marionette	WARN	TimedPromise timed out after 500 ms: stacktrace:
bail@chrome://marionette/content/sync.js:223:64
JavaScript warning: https://pagead2.googlesyndication.com/bg/tXbbKGCSgiNzxd9KuUT2By_3fvNWV2h7dqV20WyVtNQ.js line 1 > Function line 3 > eval line 1 > eval, line 1: Error: WebGL warning: <SetDimensions>: Can't use WebGL in headless mode (https://bugzil.la/1375585).
JavaScript warning: https://pagead2.googlesyndication.com/bg/tXbbKGCSgiNzxd9KuUT2By_3fvNWV2h7dqV20WyVtNQ.js line 1 > Function line 3 > eval line 1 > eval, line 1: Error: WebGL warning: <SetDimensions>: Failed to create WebGL context: WebGL creation failed: 
* Can't use WebGL in headless mode (https://bugzil.la/1375585).
JavaScript warning: https://pagead2.googlesyndication.com/bg/tXbbKGCSgiNzxd9KuUT2By_3fvNWV2h7dqV20WyVtNQ.js line 1 > Function line 3 > eval line 1 > eval, line 1: Error: WebGL warning: <SetDimensions>: Can't use WebGL in headless mode (https://bugzil.la/1375585).
JavaScript warning: https://pagead2.googlesyndication.com/bg/tXbbKGCSgiNzxd9KuUT2By_3fvNWV2h7dqV20WyVtNQ.js line 1 > Function line 3 > eval line 1 > eval, line 1: Error: WebGL warning: <SetDimensions>: Failed to create WebGL context: WebGL creation failed: 
* Can't use WebGL in headless mode (https://bugzil.la/1375585).
JavaScript error: https://cdn.ampproject.org/rtv/011908162134430/amp4ads-v0.js, line 190: NS_ERROR_FAILURE: 

###!!! [Child][MessageChannel] Error: (msgtype=0x240016,name=PCameras::Msg_AllDone) Channel error: cannot send/recv

Exiting due to channel error.
Crash Annotation GraphicsCriticalError: |[C0][GFX1-]: Receive IPC close with reason=AbnormalShutdown (t=1458.14) [GFX1-]: Receive IPC close with reason=AbnormalShutdown
[Child 7047, Chrome_ChildThread] WARNING: pipe error (3): Connection reset by peer: file /builddir/build/BUILD/firefox-68.0.2/ipc/chromium/src/chrome/common/ipc_channel_posix.cc, line 358
Exiting due to channel error.
Exiting due to channel error.
*** You are running in headless mode.
1566498062869	mozrunner::runner	INFO	Running command: "/usr/bin/firefox" "-marionette" "-foreground" "-no-remote" "-profile" "/tmp/rust_mozprofile.60p6ukvnwTHT"
*** You are running in headless mode.
1566498063148	addons.webextension.screenshots@mozilla.org	WARN	Loading extension 'screenshots@mozilla.org': Reading manifest: Invalid extension permission: mozillaAddons
1566498063148	addons.webextension.screenshots@mozilla.org	WARN	Loading extension 'screenshots@mozilla.org': Reading manifest: Invalid extension permission: telemetry
1566498063148	addons.webextension.screenshots@mozilla.org	WARN	Loading extension 'screenshots@mozilla.org': Reading manifest: Invalid extension permission: resource://pdf.js/
1566498063149	addons.webextension.screenshots@mozilla.org	WARN	Loading extension 'screenshots@mozilla.org': Reading manifest: Invalid extension permission: about:reader*
1566498064448	Marionette	INFO	Listening on port 39243
1566498064475	Marionette	WARN	TLS certificate errors will be ignored for this session
JavaScript warning: https://trophymanager.com/js/_combined.min.js?v=1.026.1, line 666: unreachable code after return statement
JavaScript warning: https://ajax.googleapis.com/ajax/libs/jquery/1.9.1/jquery.min.js, line 2: Using //@ to indicate sourceMappingURL pragmas is deprecated. Use //# instead
JavaScript error: https://trophymanager.com/js/fb.js?v=1.049.1, line 120: TypeError: document.getElementById(...) is null
JavaScript warning: https://trophymanager.com/js/_combined.min.js?v=1.026.1, line 666: unreachable code after return statement
JavaScript warning: https://ajax.googleapis.com/ajax/libs/jquery/1.9.1/jquery.min.js, line 2: Using //@ to indicate sourceMappingURL pragmas is deprecated. Use //# instead
JavaScript warning: https://trophymanager.com/js/_combined.min.js?v=1.026.1, line 666: unreachable code after return statement
JavaScript warning: https://ajax.googleapis.com/ajax/libs/jquery/1.9.1/jquery.min.js, line 2: Using //@ to indicate sourceMappingURL pragmas is deprecated. Use //# instead
console.error: BroadcastService: 
  receivedBroadcastMessage: handler for
  remote-settings/monitor_changes
  threw error:
  Message: Error: Polling for changes failed: http://%(server)s/dummy/blocklist//buckets/monitor/collections/changes/records?_expected=%221566491597065%22 is not a valid URL..
  Stack:
    remoteSettingsFunction/remoteSettings.pollChanges@resource://services-settings/remote-settings.js:201:13

JavaScript warning: https://trophymanager.com/js/_combined.min.js?v=1.026.1, line 666: unreachable code after return statement
JavaScript warning: https://ajax.googleapis.com/ajax/libs/jquery/1.9.1/jquery.min.js, line 2: Using //@ to indicate sourceMappingURL pragmas is deprecated. Use //# instead
JavaScript warning: https://pagead2.googlesyndication.com/bg/tXbbKGCSgiNzxd9KuUT2By_3fvNWV2h7dqV20WyVtNQ.js line 1 > Function line 3 > eval line 1 > eval, line 1: Error: WebGL warning: <SetDimensions>: Can't use WebGL in headless mode (https://bugzil.la/1375585).
JavaScript warning: https://pagead2.googlesyndication.com/bg/tXbbKGCSgiNzxd9KuUT2By_3fvNWV2h7dqV20WyVtNQ.js line 1 > Function line 3 > eval line 1 > eval, line 1: Error: WebGL warning: <SetDimensions>: Failed to create WebGL context: WebGL creation failed: 
* Can't use WebGL in headless mode (https://bugzil.la/1375585).

###!!! [Child][MessageChannel] Error: (msgtype=0x240016,name=PCameras::Msg_AllDone) Channel error: cannot send/recv

Exiting due to channel error.
Exiting due to channel error.
*** You are running in headless mode.
1566498638027	mozrunner::runner	INFO	Running command: "/usr/bin/firefox" "-marionette" "-foreground" "-no-remote" "-profile" "/tmp/rust_mozprofile.iO2SnmK9UUxO"
*** You are running in headless mode.
1566498638419	addons.webextension.screenshots@mozilla.org	WARN	Loading extension 'screenshots@mozilla.org': Reading manifest: Invalid extension permission: mozillaAddons
1566498638419	addons.webextension.screenshots@mozilla.org	WARN	Loading extension 'screenshots@mozilla.org': Reading manifest: Invalid extension permission: telemetry
1566498638419	addons.webextension.screenshots@mozilla.org	WARN	Loading extension 'screenshots@mozilla.org': Reading manifest: Invalid extension permission: resource://pdf.js/
1566498638419	addons.webextension.screenshots@mozilla.org	WARN	Loading extension 'screenshots@mozilla.org': Reading manifest: Invalid extension permission: about:reader*
1566498639805	Marionette	INFO	Listening on port 36237
1566498639834	Marionette	WARN	TLS certificate errors will be ignored for this session
JavaScript warning: https://trophymanager.com/js/_combined.min.js?v=1.026.1, line 666: unreachable code after return statement
JavaScript warning: https://ajax.googleapis.com/ajax/libs/jquery/1.9.1/jquery.min.js, line 2: Using //@ to indicate sourceMappingURL pragmas is deprecated. Use //# instead
JavaScript warning: https://trophymanager.com/js/_combined.min.js?v=1.026.1, line 666: unreachable code after return statement
JavaScript warning: https://ajax.googleapis.com/ajax/libs/jquery/1.9.1/jquery.min.js, line 2: Using //@ to indicate sourceMappingURL pragmas is deprecated. Use //# instead
JavaScript warning: https://z.moatads.com/digitalopbrsanofidcmdisplay499211539381/moatad.js#moatClientLevel1=9426817&moatClientLevel2=22818694&moatClientLevel3=252394070&moatClientLevel4=119672862&moatClientSlicer1=5239177&zMoatG=ct=BR&st=&city=1606&dma=0&zp=&bw=4&zMoatENV=j&zMoatADV=9426817, line 237: Error: WebGL warning: <SetDimensions>: Can't use WebGL in headless mode (https://bugzil.la/1375585).
JavaScript warning: https://z.moatads.com/digitalopbrsanofidcmdisplay499211539381/moatad.js#moatClientLevel1=9426817&moatClientLevel2=22818694&moatClientLevel3=252394070&moatClientLevel4=119672862&moatClientSlicer1=5239177&zMoatG=ct=BR&st=&city=1606&dma=0&zp=&bw=4&zMoatENV=j&zMoatADV=9426817, line 237: Error: WebGL warning: <SetDimensions>: Failed to create WebGL context: WebGL creation failed: 
* Can't use WebGL in headless mode (https://bugzil.la/1375585).
JavaScript warning: https://z.moatads.com/digitalopbrsanofidcmdisplay499211539381/moatad.js#moatClientLevel1=9426817&moatClientLevel2=22818694&moatClientLevel3=252394070&moatClientLevel4=119672862&moatClientSlicer1=5239177&zMoatG=ct=BR&st=&city=1606&dma=0&zp=&bw=4&zMoatENV=j&zMoatADV=9426817, line 237: Error: WebGL warning: <SetDimensions>: Can't use WebGL in headless mode (https://bugzil.la/1375585).
JavaScript warning: https://z.moatads.com/digitalopbrsanofidcmdisplay499211539381/moatad.js#moatClientLevel1=9426817&moatClientLevel2=22818694&moatClientLevel3=252394070&moatClientLevel4=119672862&moatClientSlicer1=5239177&zMoatG=ct=BR&st=&city=1606&dma=0&zp=&bw=4&zMoatENV=j&zMoatADV=9426817, line 237: Error: WebGL warning: <SetDimensions>: Failed to create WebGL context: WebGL creation failed: 
* Can't use WebGL in headless mode (https://bugzil.la/1375585).
JavaScript warning: https://pagead2.googlesyndication.com/bg/tXbbKGCSgiNzxd9KuUT2By_3fvNWV2h7dqV20WyVtNQ.js line 1 > Function line 3 > eval line 1 > eval, line 1: Error: WebGL warning: <SetDimensions>: Can't use WebGL in headless mode (https://bugzil.la/1375585).
JavaScript warning: https://pagead2.googlesyndication.com/bg/tXbbKGCSgiNzxd9KuUT2By_3fvNWV2h7dqV20WyVtNQ.js line 1 > Function line 3 > eval line 1 > eval, line 1: Error: WebGL warning: <SetDimensions>: Failed to create WebGL context: WebGL creation failed: 
* Can't use WebGL in headless mode (https://bugzil.la/1375585).
console.error: BroadcastService: 
  receivedBroadcastMessage: handler for
  remote-settings/monitor_changes
  threw error:
  Message: Error: Polling for changes failed: http://%(server)s/dummy/blocklist//buckets/monitor/collections/changes/records?_expected=%221566491597065%22 is not a valid URL..
  Stack:
    remoteSettingsFunction/remoteSettings.pollChanges@resource://services-settings/remote-settings.js:201:13

JavaScript warning: https://trophymanager.com/js/_combined.min.js?v=1.026.1, line 666: unreachable code after return statement
JavaScript warning: https://ajax.googleapis.com/ajax/libs/jquery/1.9.1/jquery.min.js, line 2: Using //@ to indicate sourceMappingURL pragmas is deprecated. Use //# instead
JavaScript warning: https://trophymanager.com/js/_combined.min.js?v=1.026.1, line 666: unreachable code after return statement
JavaScript warning: https://ajax.googleapis.com/ajax/libs/jquery/1.9.1/jquery.min.js, line 2: Using //@ to indicate sourceMappingURL pragmas is deprecated. Use //# instead
JavaScript warning: https://pagead2.googlesyndication.com/bg/tXbbKGCSgiNzxd9KuUT2By_3fvNWV2h7dqV20WyVtNQ.js line 1 > Function line 3 > eval line 1 > eval, line 1: Error: WebGL warning: <SetDimensions>: Can't use WebGL in headless mode (https://bugzil.la/1375585).
JavaScript warning: https://pagead2.googlesyndication.com/bg/tXbbKGCSgiNzxd9KuUT2By_3fvNWV2h7dqV20WyVtNQ.js line 1 > Function line 3 > eval line 1 > eval, line 1: Error: WebGL warning: <SetDimensions>: Failed to create WebGL context: WebGL creation failed: 
* Can't use WebGL in headless mode (https://bugzil.la/1375585).
Exiting due to channel error.
Exiting due to channel error.
Crash Annotation GraphicsCriticalError: |[C0][GFX1-]: Receive IPC close with reason=AbnormalShutdown (t=2029.27) 
###!!! [Child][MessageChannel] Error: (msgtype=0x240016,name=PCameras::Msg_AllDone) Channel error: cannot send/recv

Crash Annotation GraphicsCriticalError: |[C0][GFX1-]: Receive IPC close with reason=AbnormalShutdown (t=2029.15) [GFX1-]: Receive IPC close with reason=AbnormalShutdown
1566500668659	mozrunner::runner	INFO	Running command: "/usr/bin/firefox" "-marionette" "-foreground" "-no-remote" "-profile" "/tmp/rust_mozprofile.GhB0E9q45YJD"
1566500669103	addons.webextension.screenshots@mozilla.org	WARN	Loading extension 'screenshots@mozilla.org': Reading manifest: Invalid extension permission: mozillaAddons
1566500669103	addons.webextension.screenshots@mozilla.org	WARN	Loading extension 'screenshots@mozilla.org': Reading manifest: Invalid extension permission: telemetry
1566500669103	addons.webextension.screenshots@mozilla.org	WARN	Loading extension 'screenshots@mozilla.org': Reading manifest: Invalid extension permission: resource://pdf.js/
1566500669103	addons.webextension.screenshots@mozilla.org	WARN	Loading extension 'screenshots@mozilla.org': Reading manifest: Invalid extension permission: about:reader*
1566500671384	Marionette	INFO	Listening on port 35765
1566500671470	Marionette	WARN	TLS certificate errors will be ignored for this session
JavaScript warning: https://trophymanager.com/js/_combined.min.js?v=1.026.1, line 666: unreachable code after return statement
JavaScript warning: https://ajax.googleapis.com/ajax/libs/jquery/1.9.1/jquery.min.js, line 2: Using //@ to indicate sourceMappingURL pragmas is deprecated. Use //# instead
JavaScript error: https://trophymanager.com/js/fb.js?v=1.049.1, line 120: TypeError: document.getElementById(...) is null
JavaScript warning: https://trophymanager.com/js/_combined.min.js?v=1.026.1, line 666: unreachable code after return statement
JavaScript warning: https://ajax.googleapis.com/ajax/libs/jquery/1.9.1/jquery.min.js, line 2: Using //@ to indicate sourceMappingURL pragmas is deprecated. Use //# instead
JavaScript warning: https://trophymanager.com/js/_combined.min.js?v=1.026.1, line 666: unreachable code after return statement
JavaScript warning: https://ajax.googleapis.com/ajax/libs/jquery/1.9.1/jquery.min.js, line 2: Using //@ to indicate sourceMappingURL pragmas is deprecated. Use //# instead
JavaScript warning: https://trophymanager.com/js/_combined.min.js?v=1.026.1, line 666: unreachable code after return statement
JavaScript warning: https://ajax.googleapis.com/ajax/libs/jquery/1.9.1/jquery.min.js, line 2: Using //@ to indicate sourceMappingURL pragmas is deprecated. Use //# instead
JavaScript error: https://s0.2mdn.net/ads/richmedia/studio/pv2/61000301/20190731031808262/index.html?e=69&leftOffset=0&topOffset=0&c=p9lTjc14rQ&t=1&renderingType=2, line 35: ReferenceError: invalid assignment left-hand side
JavaScript error: https://s0.2mdn.net/ads/richmedia/studio/pv2/61000301/20190731031808262/index.html?e=69&leftOffset=0&topOffset=0&c=6QE8MHsAMA&t=1&renderingType=2, line 35: ReferenceError: invalid assignment left-hand side

###!!! [Child][MessageChannel] Error: (msgtype=0x240016,name=PCameras::Msg_AllDone) Channel error: cannot send/recv

Exiting due to channel error.
Exiting due to channel error.
*** You are running in headless mode.
1566570819579	mozrunner::runner	INFO	Running command: "/usr/bin/firefox" "-marionette" "-foreground" "-no-remote" "-profile" "/tmp/rust_mozprofile.2sM4X4XGFyBT"
*** You are running in headless mode.
1566570819869	addons.webextension.screenshots@mozilla.org	WARN	Loading extension 'screenshots@mozilla.org': Reading manifest: Invalid extension permission: mozillaAddons
1566570819869	addons.webextension.screenshots@mozilla.org	WARN	Loading extension 'screenshots@mozilla.org': Reading manifest: Invalid extension permission: telemetry
1566570819869	addons.webextension.screenshots@mozilla.org	WARN	Loading extension 'screenshots@mozilla.org': Reading manifest: Invalid extension permission: resource://pdf.js/
1566570819869	addons.webextension.screenshots@mozilla.org	WARN	Loading extension 'screenshots@mozilla.org': Reading manifest: Invalid extension permission: about:reader*
1566570821158	Marionette	INFO	Listening on port 44707
1566570821186	Marionette	WARN	TLS certificate errors will be ignored for this session
JavaScript warning: https://trophymanager.com/js/_combined.min.js?v=1.026.1, line 666: unreachable code after return statement
JavaScript warning: https://ajax.googleapis.com/ajax/libs/jquery/1.9.1/jquery.min.js, line 2: Using //@ to indicate sourceMappingURL pragmas is deprecated. Use //# instead
JavaScript error: https://trophymanager.com/js/fb.js?v=1.049.1, line 120: TypeError: document.getElementById(...) is null

###!!! [Child][MessageChannel] Error: (msgtype=0x240016,name=PCameras::Msg_AllDone) Channel error: cannot send/recv

Exiting due to channel error.
Exiting due to channel error.
*** You are running in headless mode.
1566570828913	mozrunner::runner	INFO	Running command: "/usr/bin/firefox" "-marionette" "-foreground" "-no-remote" "-profile" "/tmp/rust_mozprofile.drXV5hlIbGMF"
*** You are running in headless mode.
1566570829233	addons.webextension.screenshots@mozilla.org	WARN	Loading extension 'screenshots@mozilla.org': Reading manifest: Invalid extension permission: mozillaAddons
1566570829233	addons.webextension.screenshots@mozilla.org	WARN	Loading extension 'screenshots@mozilla.org': Reading manifest: Invalid extension permission: telemetry
1566570829233	addons.webextension.screenshots@mozilla.org	WARN	Loading extension 'screenshots@mozilla.org': Reading manifest: Invalid extension permission: resource://pdf.js/
1566570829233	addons.webextension.screenshots@mozilla.org	WARN	Loading extension 'screenshots@mozilla.org': Reading manifest: Invalid extension permission: about:reader*
1566570830662	Marionette	INFO	Listening on port 35233
1566570830736	Marionette	WARN	TLS certificate errors will be ignored for this session
JavaScript warning: https://trophymanager.com/js/_combined.min.js?v=1.026.1, line 666: unreachable code after return statement
JavaScript warning: https://ajax.googleapis.com/ajax/libs/jquery/1.9.1/jquery.min.js, line 2: Using //@ to indicate sourceMappingURL pragmas is deprecated. Use //# instead
JavaScript error: https://trophymanager.com/js/fb.js?v=1.049.1, line 120: TypeError: document.getElementById(...) is null
JavaScript warning: https://trophymanager.com/js/_combined.min.js?v=1.026.1, line 666: unreachable code after return statement
JavaScript warning: https://ajax.googleapis.com/ajax/libs/jquery/1.9.1/jquery.min.js, line 2: Using //@ to indicate sourceMappingURL pragmas is deprecated. Use //# instead

###!!! [Child][MessageChannel] Error: (msgtype=0x240016,name=PCameras::Msg_AllDone) Channel error: cannot send/recv

Exiting due to channel error.
Exiting due to channel error.
*** You are running in headless mode.
1566570944182	mozrunner::runner	INFO	Running command: "/usr/bin/firefox" "-marionette" "-foreground" "-no-remote" "-profile" "/tmp/rust_mozprofile.h5G2CyeimuOA"
*** You are running in headless mode.
1566570944463	addons.webextension.screenshots@mozilla.org	WARN	Loading extension 'screenshots@mozilla.org': Reading manifest: Invalid extension permission: mozillaAddons
1566570944463	addons.webextension.screenshots@mozilla.org	WARN	Loading extension 'screenshots@mozilla.org': Reading manifest: Invalid extension permission: telemetry
1566570944463	addons.webextension.screenshots@mozilla.org	WARN	Loading extension 'screenshots@mozilla.org': Reading manifest: Invalid extension permission: resource://pdf.js/
1566570944463	addons.webextension.screenshots@mozilla.org	WARN	Loading extension 'screenshots@mozilla.org': Reading manifest: Invalid extension permission: about:reader*
1566570945934	Marionette	INFO	Listening on port 45747
1566570945998	Marionette	WARN	TLS certificate errors will be ignored for this session
JavaScript warning: https://trophymanager.com/js/_combined.min.js?v=1.026.1, line 666: unreachable code after return statement
JavaScript warning: https://ajax.googleapis.com/ajax/libs/jquery/1.9.1/jquery.min.js, line 2: Using //@ to indicate sourceMappingURL pragmas is deprecated. Use //# instead
JavaScript error: https://trophymanager.com/js/fb.js?v=1.049.1, line 120: TypeError: document.getElementById(...) is null
JavaScript warning: https://trophymanager.com/js/_combined.min.js?v=1.026.1, line 666: unreachable code after return statement
JavaScript warning: https://ajax.googleapis.com/ajax/libs/jquery/1.9.1/jquery.min.js, line 2: Using //@ to indicate sourceMappingURL pragmas is deprecated. Use //# instead

###!!! [Child][MessageChannel] Error: (msgtype=0x240016,name=PCameras::Msg_AllDone) Channel error: cannot send/recv

Exiting due to channel error.
Exiting due to channel error.
Crash Annotation GraphicsCriticalError: |[C0][GFX1-]: Receive IPC close with reason=AbnormalShutdown (t=11.0775) *** You are running in headless mode.
1566571165003	mozrunner::runner	INFO	Running command: "/usr/bin/firefox" "-marionette" "-foreground" "-no-remote" "-profile" "/tmp/rust_mozprofile.YdYoU9VSbXqP"
*** You are running in headless mode.
1566571165279	addons.webextension.screenshots@mozilla.org	WARN	Loading extension 'screenshots@mozilla.org': Reading manifest: Invalid extension permission: mozillaAddons
1566571165279	addons.webextension.screenshots@mozilla.org	WARN	Loading extension 'screenshots@mozilla.org': Reading manifest: Invalid extension permission: telemetry
1566571165279	addons.webextension.screenshots@mozilla.org	WARN	Loading extension 'screenshots@mozilla.org': Reading manifest: Invalid extension permission: resource://pdf.js/
1566571165279	addons.webextension.screenshots@mozilla.org	WARN	Loading extension 'screenshots@mozilla.org': Reading manifest: Invalid extension permission: about:reader*
1566571166513	Marionette	INFO	Listening on port 33677
1566571166611	Marionette	WARN	TLS certificate errors will be ignored for this session
JavaScript warning: https://trophymanager.com/js/_combined.min.js?v=1.026.1, line 666: unreachable code after return statement
JavaScript warning: https://ajax.googleapis.com/ajax/libs/jquery/1.9.1/jquery.min.js, line 2: Using //@ to indicate sourceMappingURL pragmas is deprecated. Use //# instead
JavaScript error: https://trophymanager.com/js/fb.js?v=1.049.1, line 120: TypeError: document.getElementById(...) is null
JavaScript warning: https://trophymanager.com/js/_combined.min.js?v=1.026.1, line 666: unreachable code after return statement
JavaScript warning: https://ajax.googleapis.com/ajax/libs/jquery/1.9.1/jquery.min.js, line 2: Using //@ to indicate sourceMappingURL pragmas is deprecated. Use //# instead

###!!! [Child][MessageChannel] Error: (msgtype=0x240016,name=PCameras::Msg_AllDone) Channel error: cannot send/recv

Exiting due to channel error.
Exiting due to channel error.
*** You are running in headless mode.
1566571283589	mozrunner::runner	INFO	Running command: "/usr/bin/firefox" "-marionette" "-foreground" "-no-remote" "-profile" "/tmp/rust_mozprofile.hfSS3LgUL7Mv"
*** You are running in headless mode.
1566571283869	addons.webextension.screenshots@mozilla.org	WARN	Loading extension 'screenshots@mozilla.org': Reading manifest: Invalid extension permission: mozillaAddons
1566571283869	addons.webextension.screenshots@mozilla.org	WARN	Loading extension 'screenshots@mozilla.org': Reading manifest: Invalid extension permission: telemetry
1566571283869	addons.webextension.screenshots@mozilla.org	WARN	Loading extension 'screenshots@mozilla.org': Reading manifest: Invalid extension permission: resource://pdf.js/
1566571283869	addons.webextension.screenshots@mozilla.org	WARN	Loading extension 'screenshots@mozilla.org': Reading manifest: Invalid extension permission: about:reader*
1566571285093	Marionette	INFO	Listening on port 43161
1566571285195	Marionette	WARN	TLS certificate errors will be ignored for this session
JavaScript warning: https://trophymanager.com/js/_combined.min.js?v=1.026.1, line 666: unreachable code after return statement
JavaScript warning: https://ajax.googleapis.com/ajax/libs/jquery/1.9.1/jquery.min.js, line 2: Using //@ to indicate sourceMappingURL pragmas is deprecated. Use //# instead
JavaScript error: https://trophymanager.com/js/fb.js?v=1.049.1, line 120: TypeError: document.getElementById(...) is null
JavaScript warning: https://trophymanager.com/js/_combined.min.js?v=1.026.1, line 666: unreachable code after return statement
JavaScript warning: https://ajax.googleapis.com/ajax/libs/jquery/1.9.1/jquery.min.js, line 2: Using //@ to indicate sourceMappingURL pragmas is deprecated. Use //# instead

###!!! [Child][MessageChannel] Error: (msgtype=0x240016,name=PCameras::Msg_AllDone) Channel error: cannot send/recv

Exiting due to channel error.
Exiting due to channel error.
